C:\USERS\CHRISTODOULOS\DESKTOP\TELIKO\CACHE.1\CACHE.1\DEBUG\VC110.PDB
C:\USERS\CHRISTODOULOS\DESKTOP\TELIKO\CACHE.1\CACHE.1\DEBUG\SOURCE.OBJ
C:\USERS\CHRISTODOULOS\DESKTOP\TELIKO\CACHE.1\DEBUG\CACHE.1.ILK
C:\USERS\CHRISTODOULOS\DESKTOP\TELIKO\CACHE.1\DEBUG\CACHE.1.EXE
C:\USERS\CHRISTODOULOS\DESKTOP\TELIKO\CACHE.1\DEBUG\CACHE.1.PDB
C:\Users\christodoulos\Desktop\teliko\cache.1\cache.1\Debug\Source.obj
C:\Users\christodoulos\Desktop\teliko\cache.1\cache.1\Debug\cl.command.1.tlog
C:\Users\christodoulos\Desktop\teliko\cache.1\cache.1\Debug\CL.read.1.tlog
C:\Users\christodoulos\Desktop\teliko\cache.1\cache.1\Debug\CL.write.1.tlog
C:\Users\christodoulos\Desktop\teliko\cache.1\cache.1\Debug\link-cvtres.read.1.tlog
C:\Users\christodoulos\Desktop\teliko\cache.1\cache.1\Debug\link-cvtres.write.1.tlog
C:\Users\christodoulos\Desktop\teliko\cache.1\cache.1\Debug\link-rc.read.1.tlog
C:\Users\christodoulos\Desktop\teliko\cache.1\cache.1\Debug\link-rc.write.1.tlog
C:\Users\christodoulos\Desktop\teliko\cache.1\cache.1\Debug\link.1596-cvtres.read.1.tlog
C:\Users\christodoulos\Desktop\teliko\cache.1\cache.1\Debug\link.1596-cvtres.write.1.tlog
C:\Users\christodoulos\Desktop\teliko\cache.1\cache.1\Debug\link.1596-rc.read.1.tlog
C:\Users\christodoulos\Desktop\teliko\cache.1\cache.1\Debug\link.1596-rc.write.1.tlog
C:\Users\christodoulos\Desktop\teliko\cache.1\cache.1\Debug\link.1596.read.1.tlog
C:\Users\christodoulos\Desktop\teliko\cache.1\cache.1\Debug\link.1596.write.1.tlog
C:\Users\christodoulos\Desktop\teliko\cache.1\cache.1\Debug\link.184-cvtres.read.1.tlog
C:\Users\christodoulos\Desktop\teliko\cache.1\cache.1\Debug\link.184-cvtres.write.1.tlog
C:\Users\christodoulos\Desktop\teliko\cache.1\cache.1\Debug\link.184-rc.read.1.tlog
C:\Users\christodoulos\Desktop\teliko\cache.1\cache.1\Debug\link.184-rc.write.1.tlog
C:\Users\christodoulos\Desktop\teliko\cache.1\cache.1\Debug\link.184.read.1.tlog
C:\Users\christodoulos\Desktop\teliko\cache.1\cache.1\Debug\link.184.write.1.tlog
C:\Users\christodoulos\Desktop\teliko\cache.1\cache.1\Debug\link.1908-cvtres.read.1.tlog
C:\Users\christodoulos\Desktop\teliko\cache.1\cache.1\Debug\link.1908-cvtres.write.1.tlog
C:\Users\christodoulos\Desktop\teliko\cache.1\cache.1\Debug\link.1908-rc.read.1.tlog
C:\Users\christodoulos\Desktop\teliko\cache.1\cache.1\Debug\link.1908-rc.write.1.tlog
C:\Users\christodoulos\Desktop\teliko\cache.1\cache.1\Debug\link.1908.read.1.tlog
C:\Users\christodoulos\Desktop\teliko\cache.1\cache.1\Debug\link.1908.write.1.tlog
C:\Users\christodoulos\Desktop\teliko\cache.1\cache.1\Debug\link.2956-cvtres.read.1.tlog
C:\Users\christodoulos\Desktop\teliko\cache.1\cache.1\Debug\link.2956-cvtres.write.1.tlog
C:\Users\christodoulos\Desktop\teliko\cache.1\cache.1\Debug\link.2956-rc.read.1.tlog
C:\Users\christodoulos\Desktop\teliko\cache.1\cache.1\Debug\link.2956-rc.write.1.tlog
C:\Users\christodoulos\Desktop\teliko\cache.1\cache.1\Debug\link.2956.read.1.tlog
C:\Users\christodoulos\Desktop\teliko\cache.1\cache.1\Debug\link.2956.write.1.tlog
C:\Users\christodoulos\Desktop\teliko\cache.1\cache.1\Debug\link.3212-cvtres.read.1.tlog
C:\Users\christodoulos\Desktop\teliko\cache.1\cache.1\Debug\link.3212-cvtres.write.1.tlog
C:\Users\christodoulos\Desktop\teliko\cache.1\cache.1\Debug\link.3212-rc.read.1.tlog
C:\Users\christodoulos\Desktop\teliko\cache.1\cache.1\Debug\link.3212-rc.write.1.tlog
C:\Users\christodoulos\Desktop\teliko\cache.1\cache.1\Debug\link.3212.read.1.tlog
C:\Users\christodoulos\Desktop\teliko\cache.1\cache.1\Debug\link.3212.write.1.tlog
C:\Users\christodoulos\Desktop\teliko\cache.1\cache.1\Debug\link.3432-cvtres.read.1.tlog
C:\Users\christodoulos\Desktop\teliko\cache.1\cache.1\Debug\link.3432-cvtres.write.1.tlog
C:\Users\christodoulos\Desktop\teliko\cache.1\cache.1\Debug\link.3432-rc.read.1.tlog
C:\Users\christodoulos\Desktop\teliko\cache.1\cache.1\Debug\link.3432-rc.write.1.tlog
C:\Users\christodoulos\Desktop\teliko\cache.1\cache.1\Debug\link.3432.read.1.tlog
C:\Users\christodoulos\Desktop\teliko\cache.1\cache.1\Debug\link.3432.write.1.tlog
C:\Users\christodoulos\Desktop\teliko\cache.1\cache.1\Debug\link.3592-cvtres.read.1.tlog
C:\Users\christodoulos\Desktop\teliko\cache.1\cache.1\Debug\link.3592-cvtres.write.1.tlog
C:\Users\christodoulos\Desktop\teliko\cache.1\cache.1\Debug\link.3592-rc.read.1.tlog
C:\Users\christodoulos\Desktop\teliko\cache.1\cache.1\Debug\link.3592-rc.write.1.tlog
C:\Users\christodoulos\Desktop\teliko\cache.1\cache.1\Debug\link.3592.read.1.tlog
C:\Users\christodoulos\Desktop\teliko\cache.1\cache.1\Debug\link.3592.write.1.tlog
C:\Users\christodoulos\Desktop\teliko\cache.1\cache.1\Debug\link.3740-cvtres.read.1.tlog
C:\Users\christodoulos\Desktop\teliko\cache.1\cache.1\Debug\link.3740-cvtres.write.1.tlog
C:\Users\christodoulos\Desktop\teliko\cache.1\cache.1\Debug\link.3740-rc.read.1.tlog
C:\Users\christodoulos\Desktop\teliko\cache.1\cache.1\Debug\link.3740-rc.write.1.tlog
C:\Users\christodoulos\Desktop\teliko\cache.1\cache.1\Debug\link.3740.read.1.tlog
C:\Users\christodoulos\Desktop\teliko\cache.1\cache.1\Debug\link.3740.write.1.tlog
C:\Users\christodoulos\Desktop\teliko\cache.1\cache.1\Debug\link.4108-cvtres.read.1.tlog
C:\Users\christodoulos\Desktop\teliko\cache.1\cache.1\Debug\link.4108-cvtres.write.1.tlog
C:\Users\christodoulos\Desktop\teliko\cache.1\cache.1\Debug\link.4108-rc.read.1.tlog
C:\Users\christodoulos\Desktop\teliko\cache.1\cache.1\Debug\link.4108-rc.write.1.tlog
C:\Users\christodoulos\Desktop\teliko\cache.1\cache.1\Debug\link.4108.read.1.tlog
C:\Users\christodoulos\Desktop\teliko\cache.1\cache.1\Debug\link.4108.write.1.tlog
C:\Users\christodoulos\Desktop\teliko\cache.1\cache.1\Debug\link.4128-cvtres.read.1.tlog
C:\Users\christodoulos\Desktop\teliko\cache.1\cache.1\Debug\link.4128-cvtres.write.1.tlog
C:\Users\christodoulos\Desktop\teliko\cache.1\cache.1\Debug\link.4128-rc.read.1.tlog
C:\Users\christodoulos\Desktop\teliko\cache.1\cache.1\Debug\link.4128-rc.write.1.tlog
C:\Users\christodoulos\Desktop\teliko\cache.1\cache.1\Debug\link.4128.read.1.tlog
C:\Users\christodoulos\Desktop\teliko\cache.1\cache.1\Debug\link.4128.write.1.tlog
C:\Users\christodoulos\Desktop\teliko\cache.1\cache.1\Debug\link.4168-cvtres.read.1.tlog
C:\Users\christodoulos\Desktop\teliko\cache.1\cache.1\Debug\link.4168-cvtres.write.1.tlog
C:\Users\christodoulos\Desktop\teliko\cache.1\cache.1\Debug\link.4168-rc.read.1.tlog
C:\Users\christodoulos\Desktop\teliko\cache.1\cache.1\Debug\link.4168-rc.write.1.tlog
C:\Users\christodoulos\Desktop\teliko\cache.1\cache.1\Debug\link.4168.read.1.tlog
C:\Users\christodoulos\Desktop\teliko\cache.1\cache.1\Debug\link.4168.write.1.tlog
C:\Users\christodoulos\Desktop\teliko\cache.1\cache.1\Debug\link.4332-cvtres.read.1.tlog
C:\Users\christodoulos\Desktop\teliko\cache.1\cache.1\Debug\link.4332-cvtres.write.1.tlog
C:\Users\christodoulos\Desktop\teliko\cache.1\cache.1\Debug\link.4332-rc.read.1.tlog
C:\Users\christodoulos\Desktop\teliko\cache.1\cache.1\Debug\link.4332-rc.write.1.tlog
C:\Users\christodoulos\Desktop\teliko\cache.1\cache.1\Debug\link.4332.read.1.tlog
C:\Users\christodoulos\Desktop\teliko\cache.1\cache.1\Debug\link.4332.write.1.tlog
C:\Users\christodoulos\Desktop\teliko\cache.1\cache.1\Debug\link.4492-cvtres.read.1.tlog
C:\Users\christodoulos\Desktop\teliko\cache.1\cache.1\Debug\link.4492-cvtres.write.1.tlog
C:\Users\christodoulos\Desktop\teliko\cache.1\cache.1\Debug\link.4492-rc.read.1.tlog
C:\Users\christodoulos\Desktop\teliko\cache.1\cache.1\Debug\link.4492-rc.write.1.tlog
C:\Users\christodoulos\Desktop\teliko\cache.1\cache.1\Debug\link.4492.read.1.tlog
C:\Users\christodoulos\Desktop\teliko\cache.1\cache.1\Debug\link.4492.write.1.tlog
C:\Users\christodoulos\Desktop\teliko\cache.1\cache.1\Debug\link.5492-cvtres.read.1.tlog
C:\Users\christodoulos\Desktop\teliko\cache.1\cache.1\Debug\link.5492-cvtres.write.1.tlog
C:\Users\christodoulos\Desktop\teliko\cache.1\cache.1\Debug\link.5492-rc.read.1.tlog
C:\Users\christodoulos\Desktop\teliko\cache.1\cache.1\Debug\link.5492-rc.write.1.tlog
C:\Users\christodoulos\Desktop\teliko\cache.1\cache.1\Debug\link.5492.read.1.tlog
C:\Users\christodoulos\Desktop\teliko\cache.1\cache.1\Debug\link.5492.write.1.tlog
C:\Users\christodoulos\Desktop\teliko\cache.1\cache.1\Debug\link.5596-cvtres.read.1.tlog
C:\Users\christodoulos\Desktop\teliko\cache.1\cache.1\Debug\link.5596-cvtres.write.1.tlog
C:\Users\christodoulos\Desktop\teliko\cache.1\cache.1\Debug\link.5596-rc.read.1.tlog
C:\Users\christodoulos\Desktop\teliko\cache.1\cache.1\Debug\link.5596-rc.write.1.tlog
C:\Users\christodoulos\Desktop\teliko\cache.1\cache.1\Debug\link.5596.read.1.tlog
C:\Users\christodoulos\Desktop\teliko\cache.1\cache.1\Debug\link.5596.write.1.tlog
C:\Users\christodoulos\Desktop\teliko\cache.1\cache.1\Debug\link.5624-cvtres.read.1.tlog
C:\Users\christodoulos\Desktop\teliko\cache.1\cache.1\Debug\link.5624-cvtres.write.1.tlog
C:\Users\christodoulos\Desktop\teliko\cache.1\cache.1\Debug\link.5624-rc.read.1.tlog
C:\Users\christodoulos\Desktop\teliko\cache.1\cache.1\Debug\link.5624-rc.write.1.tlog
C:\Users\christodoulos\Desktop\teliko\cache.1\cache.1\Debug\link.5624.read.1.tlog
C:\Users\christodoulos\Desktop\teliko\cache.1\cache.1\Debug\link.5624.write.1.tlog
C:\Users\christodoulos\Desktop\teliko\cache.1\cache.1\Debug\link.6488-cvtres.read.1.tlog
C:\Users\christodoulos\Desktop\teliko\cache.1\cache.1\Debug\link.6488-cvtres.write.1.tlog
C:\Users\christodoulos\Desktop\teliko\cache.1\cache.1\Debug\link.6488-rc.read.1.tlog
C:\Users\christodoulos\Desktop\teliko\cache.1\cache.1\Debug\link.6488-rc.write.1.tlog
C:\Users\christodoulos\Desktop\teliko\cache.1\cache.1\Debug\link.6488.read.1.tlog
C:\Users\christodoulos\Desktop\teliko\cache.1\cache.1\Debug\link.6488.write.1.tlog
C:\Users\christodoulos\Desktop\teliko\cache.1\cache.1\Debug\link.7280-cvtres.read.1.tlog
C:\Users\christodoulos\Desktop\teliko\cache.1\cache.1\Debug\link.7280-cvtres.write.1.tlog
C:\Users\christodoulos\Desktop\teliko\cache.1\cache.1\Debug\link.7280-rc.read.1.tlog
C:\Users\christodoulos\Desktop\teliko\cache.1\cache.1\Debug\link.7280-rc.write.1.tlog
C:\Users\christodoulos\Desktop\teliko\cache.1\cache.1\Debug\link.7280.read.1.tlog
C:\Users\christodoulos\Desktop\teliko\cache.1\cache.1\Debug\link.7280.write.1.tlog
C:\Users\christodoulos\Desktop\teliko\cache.1\cache.1\Debug\link.7408-cvtres.read.1.tlog
C:\Users\christodoulos\Desktop\teliko\cache.1\cache.1\Debug\link.7408-cvtres.write.1.tlog
C:\Users\christodoulos\Desktop\teliko\cache.1\cache.1\Debug\link.7408-rc.read.1.tlog
C:\Users\christodoulos\Desktop\teliko\cache.1\cache.1\Debug\link.7408-rc.write.1.tlog
C:\Users\christodoulos\Desktop\teliko\cache.1\cache.1\Debug\link.7408.read.1.tlog
C:\Users\christodoulos\Desktop\teliko\cache.1\cache.1\Debug\link.7408.write.1.tlog
C:\Users\christodoulos\Desktop\teliko\cache.1\cache.1\Debug\link.7596-cvtres.read.1.tlog
C:\Users\christodoulos\Desktop\teliko\cache.1\cache.1\Debug\link.7596-cvtres.write.1.tlog
C:\Users\christodoulos\Desktop\teliko\cache.1\cache.1\Debug\link.7596-rc.read.1.tlog
C:\Users\christodoulos\Desktop\teliko\cache.1\cache.1\Debug\link.7596-rc.write.1.tlog
C:\Users\christodoulos\Desktop\teliko\cache.1\cache.1\Debug\link.7596.read.1.tlog
C:\Users\christodoulos\Desktop\teliko\cache.1\cache.1\Debug\link.7596.write.1.tlog
C:\Users\christodoulos\Desktop\teliko\cache.1\cache.1\Debug\link.7756-cvtres.read.1.tlog
C:\Users\christodoulos\Desktop\teliko\cache.1\cache.1\Debug\link.7756-cvtres.write.1.tlog
C:\Users\christodoulos\Desktop\teliko\cache.1\cache.1\Debug\link.7756-rc.read.1.tlog
C:\Users\christodoulos\Desktop\teliko\cache.1\cache.1\Debug\link.7756-rc.write.1.tlog
C:\Users\christodoulos\Desktop\teliko\cache.1\cache.1\Debug\link.7756.read.1.tlog
C:\Users\christodoulos\Desktop\teliko\cache.1\cache.1\Debug\link.7756.write.1.tlog
C:\Users\christodoulos\Desktop\teliko\cache.1\cache.1\Debug\link.8012-cvtres.read.1.tlog
C:\Users\christodoulos\Desktop\teliko\cache.1\cache.1\Debug\link.8012-cvtres.write.1.tlog
C:\Users\christodoulos\Desktop\teliko\cache.1\cache.1\Debug\link.8012-rc.read.1.tlog
C:\Users\christodoulos\Desktop\teliko\cache.1\cache.1\Debug\link.8012-rc.write.1.tlog
C:\Users\christodoulos\Desktop\teliko\cache.1\cache.1\Debug\link.8012.read.1.tlog
C:\Users\christodoulos\Desktop\teliko\cache.1\cache.1\Debug\link.8012.write.1.tlog
C:\Users\christodoulos\Desktop\teliko\cache.1\cache.1\Debug\link.8288-cvtres.read.1.tlog
C:\Users\christodoulos\Desktop\teliko\cache.1\cache.1\Debug\link.8288-cvtres.write.1.tlog
C:\Users\christodoulos\Desktop\teliko\cache.1\cache.1\Debug\link.8288-rc.read.1.tlog
C:\Users\christodoulos\Desktop\teliko\cache.1\cache.1\Debug\link.8288-rc.write.1.tlog
C:\Users\christodoulos\Desktop\teliko\cache.1\cache.1\Debug\link.8288.read.1.tlog
C:\Users\christodoulos\Desktop\teliko\cache.1\cache.1\Debug\link.8288.write.1.tlog
C:\Users\christodoulos\Desktop\teliko\cache.1\cache.1\Debug\link.8356-cvtres.read.1.tlog
C:\Users\christodoulos\Desktop\teliko\cache.1\cache.1\Debug\link.8356-cvtres.write.1.tlog
C:\Users\christodoulos\Desktop\teliko\cache.1\cache.1\Debug\link.8356-rc.read.1.tlog
C:\Users\christodoulos\Desktop\teliko\cache.1\cache.1\Debug\link.8356-rc.write.1.tlog
C:\Users\christodoulos\Desktop\teliko\cache.1\cache.1\Debug\link.8356.read.1.tlog
C:\Users\christodoulos\Desktop\teliko\cache.1\cache.1\Debug\link.8356.write.1.tlog
C:\Users\christodoulos\Desktop\teliko\cache.1\cache.1\Debug\link.8544-cvtres.read.1.tlog
C:\Users\christodoulos\Desktop\teliko\cache.1\cache.1\Debug\link.8544-cvtres.write.1.tlog
C:\Users\christodoulos\Desktop\teliko\cache.1\cache.1\Debug\link.8544-rc.read.1.tlog
C:\Users\christodoulos\Desktop\teliko\cache.1\cache.1\Debug\link.8544-rc.write.1.tlog
C:\Users\christodoulos\Desktop\teliko\cache.1\cache.1\Debug\link.8544.read.1.tlog
C:\Users\christodoulos\Desktop\teliko\cache.1\cache.1\Debug\link.8544.write.1.tlog
C:\Users\christodoulos\Desktop\teliko\cache.1\cache.1\Debug\link.8604-cvtres.read.1.tlog
C:\Users\christodoulos\Desktop\teliko\cache.1\cache.1\Debug\link.8604-cvtres.write.1.tlog
C:\Users\christodoulos\Desktop\teliko\cache.1\cache.1\Debug\link.8604-rc.read.1.tlog
C:\Users\christodoulos\Desktop\teliko\cache.1\cache.1\Debug\link.8604-rc.write.1.tlog
C:\Users\christodoulos\Desktop\teliko\cache.1\cache.1\Debug\link.8604.read.1.tlog
C:\Users\christodoulos\Desktop\teliko\cache.1\cache.1\Debug\link.8604.write.1.tlog
C:\Users\christodoulos\Desktop\teliko\cache.1\cache.1\Debug\link.8664-cvtres.read.1.tlog
C:\Users\christodoulos\Desktop\teliko\cache.1\cache.1\Debug\link.8664-cvtres.write.1.tlog
C:\Users\christodoulos\Desktop\teliko\cache.1\cache.1\Debug\link.8664-rc.read.1.tlog
C:\Users\christodoulos\Desktop\teliko\cache.1\cache.1\Debug\link.8664-rc.write.1.tlog
C:\Users\christodoulos\Desktop\teliko\cache.1\cache.1\Debug\link.8664.read.1.tlog
C:\Users\christodoulos\Desktop\teliko\cache.1\cache.1\Debug\link.8664.write.1.tlog
C:\Users\christodoulos\Desktop\teliko\cache.1\cache.1\Debug\link.892-cvtres.read.1.tlog
C:\Users\christodoulos\Desktop\teliko\cache.1\cache.1\Debug\link.892-cvtres.write.1.tlog
C:\Users\christodoulos\Desktop\teliko\cache.1\cache.1\Debug\link.892-rc.read.1.tlog
C:\Users\christodoulos\Desktop\teliko\cache.1\cache.1\Debug\link.892-rc.write.1.tlog
C:\Users\christodoulos\Desktop\teliko\cache.1\cache.1\Debug\link.892.read.1.tlog
C:\Users\christodoulos\Desktop\teliko\cache.1\cache.1\Debug\link.892.write.1.tlog
C:\Users\christodoulos\Desktop\teliko\cache.1\cache.1\Debug\link.9100-cvtres.read.1.tlog
C:\Users\christodoulos\Desktop\teliko\cache.1\cache.1\Debug\link.9100-cvtres.write.1.tlog
C:\Users\christodoulos\Desktop\teliko\cache.1\cache.1\Debug\link.9100-rc.read.1.tlog
C:\Users\christodoulos\Desktop\teliko\cache.1\cache.1\Debug\link.9100-rc.write.1.tlog
C:\Users\christodoulos\Desktop\teliko\cache.1\cache.1\Debug\link.9100.read.1.tlog
C:\Users\christodoulos\Desktop\teliko\cache.1\cache.1\Debug\link.9100.write.1.tlog
C:\Users\christodoulos\Desktop\teliko\cache.1\cache.1\Debug\link.9180-cvtres.read.1.tlog
C:\Users\christodoulos\Desktop\teliko\cache.1\cache.1\Debug\link.9180-cvtres.write.1.tlog
C:\Users\christodoulos\Desktop\teliko\cache.1\cache.1\Debug\link.9180-rc.read.1.tlog
C:\Users\christodoulos\Desktop\teliko\cache.1\cache.1\Debug\link.9180-rc.write.1.tlog
C:\Users\christodoulos\Desktop\teliko\cache.1\cache.1\Debug\link.9180.read.1.tlog
C:\Users\christodoulos\Desktop\teliko\cache.1\cache.1\Debug\link.9180.write.1.tlog
C:\Users\christodoulos\Desktop\teliko\cache.1\cache.1\Debug\link.9256-cvtres.read.1.tlog
C:\Users\christodoulos\Desktop\teliko\cache.1\cache.1\Debug\link.9256-cvtres.write.1.tlog
C:\Users\christodoulos\Desktop\teliko\cache.1\cache.1\Debug\link.9256-rc.read.1.tlog
C:\Users\christodoulos\Desktop\teliko\cache.1\cache.1\Debug\link.9256-rc.write.1.tlog
C:\Users\christodoulos\Desktop\teliko\cache.1\cache.1\Debug\link.9256.read.1.tlog
C:\Users\christodoulos\Desktop\teliko\cache.1\cache.1\Debug\link.9256.write.1.tlog
C:\Users\christodoulos\Desktop\teliko\cache.1\cache.1\Debug\link.9664-cvtres.read.1.tlog
C:\Users\christodoulos\Desktop\teliko\cache.1\cache.1\Debug\link.9664-cvtres.write.1.tlog
C:\Users\christodoulos\Desktop\teliko\cache.1\cache.1\Debug\link.9664-rc.read.1.tlog
C:\Users\christodoulos\Desktop\teliko\cache.1\cache.1\Debug\link.9664-rc.write.1.tlog
C:\Users\christodoulos\Desktop\teliko\cache.1\cache.1\Debug\link.9664.read.1.tlog
C:\Users\christodoulos\Desktop\teliko\cache.1\cache.1\Debug\link.9664.write.1.tlog
C:\Users\christodoulos\Desktop\teliko\cache.1\cache.1\Debug\link.9876-cvtres.read.1.tlog
C:\Users\christodoulos\Desktop\teliko\cache.1\cache.1\Debug\link.9876-cvtres.write.1.tlog
C:\Users\christodoulos\Desktop\teliko\cache.1\cache.1\Debug\link.9876-rc.read.1.tlog
C:\Users\christodoulos\Desktop\teliko\cache.1\cache.1\Debug\link.9876-rc.write.1.tlog
C:\Users\christodoulos\Desktop\teliko\cache.1\cache.1\Debug\link.9876.read.1.tlog
C:\Users\christodoulos\Desktop\teliko\cache.1\cache.1\Debug\link.9876.write.1.tlog
C:\Users\christodoulos\Desktop\teliko\cache.1\cache.1\Debug\link.command.1.tlog
C:\Users\christodoulos\Desktop\teliko\cache.1\cache.1\Debug\link.read.1.tlog
C:\Users\christodoulos\Desktop\teliko\cache.1\cache.1\Debug\link.write.1.tlog
C:\Users\christodoulos\Desktop\teliko\cache.1\cache.1\Debug\vc110.idb
C:\Users\christodoulos\Desktop\teliko\cache.1\cache.1\Debug\vc110.pdb
C:\Users\christodoulos\Desktop\teliko\cache.1\Debug\cache.1.pdb
C:\Users\christodoulos\Desktop\teliko\cache.1\Debug\cache.1.exe
C:\Users\christodoulos\Desktop\teliko\cache.1\Debug\cache.1.ilk
